<?xml version="1.0" encoding="utf-8"?><testsuites name="pytest tests"><testsuite name="pytest" errors="0" failures="0" skipped="1" tests="455" time="22.121" timestamp="2026-06-22T04:21:09.074165-03:00" hostname="douglasssousa-550XDA"><testcase classname="tests.bot.exts.backend.sync.test_base.SyncerSyncTests" name="test_sync_message_edited" time="0.032" /><testcase classname="tests.bot.exts.backend.sync.test_base.SyncerSyncTests" name="test_sync_message_sent" time="0.014" /><testcase classname="tests.bot.exts.backend.sync.test_cog.SyncExtensionTests" name="test_extension_setup" time="0.004" /><testcase classname="tests.bot.exts.backend.sync.test_cog.SyncCogTests" name="test_sync_cog_patch_user" time="0.014" /><testcase classname="tests.bot.exts.backend.sync.test_cog.SyncCogTests" name="test_sync_cog_patch_user_non_404" time="0.013" /><testcase classname="tests.bot.exts.backend.sync.test_cog.SyncCogTests" name="test_sync_cog_sync_guild" time="0.017" /><testcase classname="tests.bot.exts.backend.sync.test_cog.SyncCogTests" name="test_sync_cog_sync_on_load" time="0.017" /><testcase classname="tests.bot.exts.backend.sync.test_cog.SyncCogListenerTests" name="test_sync_cog_on_guild_role_create" time="0.020" /><testcase classname="tests.bot.exts.backend.sync.test_cog.SyncCogListenerTests" name="test_sync_cog_on_guild_role_create_ignores_guilds" time="0.014" /><testcase classname="tests.bot.exts.backend.sync.test_cog.SyncCogListenerTests" name="test_sync_cog_on_guild_role_delete" time="0.015" /><testcase classname="tests.bot.exts.backend.sync.test_cog.SyncCogListenerTests" name="test_sync_cog_on_guild_role_delete_ignores_guilds" time="0.014" /><testcase classname="tests.bot.exts.backend.sync.test_cog.SyncCogListenerTests" name="test_sync_cog_on_guild_role_update" time="0.020" /><testcase classname="tests.bot.exts.backend.sync.test_cog.SyncCogListenerTests" name="test_sync_cog_on_guild_role_update_ignores_guilds" time="0.014" /><testcase classname="tests.bot.exts.backend.sync.test_cog.SyncCogListenerTests" name="test_sync_cog_on_member_join" time="0.020" /><testcase classname="tests.bot.exts.backend.sync.test_cog.SyncCogListenerTests" name="test_sync_cog_on_member_join_ignores_guilds" time="0.014" /><testcase classname="tests.bot.exts.backend.sync.test_cog.SyncCogListenerTests" name="test_sync_cog_on_member_join_non_404" time="0.018" /><testcase classname="tests.bot.exts.backend.sync.test_cog.SyncCogListenerTests" name="test_sync_cog_on_member_remove" time="0.014" /><testcase classname="tests.bot.exts.backend.sync.test_cog.SyncCogListenerTests" name="test_sync_cog_on_member_remove_ignores_guilds" time="0.019" /><testcase classname="tests.bot.exts.backend.sync.test_cog.SyncCogListenerTests" name="test_sync_cog_on_member_update_ignores_guilds" time="0.085" /><testcase classname="tests.bot.exts.backend.sync.test_cog.SyncCogListenerTests" name="test_sync_cog_on_member_update_other" time="0.018" /><testcase classname="tests.bot.exts.backend.sync.test_cog.SyncCogListenerTests" name="test_sync_cog_on_member_update_roles" time="0.015" /><testcase classname="tests.bot.exts.backend.sync.test_cog.SyncCogListenerTests" name="test_sync_cog_on_user_update" time="0.019" /><testcase classname="tests.bot.exts.backend.sync.test_cog.SyncCogCommandTests" name="test_commands_require_admin" time="0.032" /><testcase classname="tests.bot.exts.backend.sync.test_cog.SyncCogCommandTests" name="test_sync_roles_command" time="0.016" /><testcase classname="tests.bot.exts.backend.sync.test_cog.SyncCogCommandTests" name="test_sync_users_command" time="0.017" /><testcase classname="tests.bot.exts.backend.sync.test_roles.RoleSyncerDiffTests" name="test_diff_for_deleted_roles" time="0.008" /><testcase classname="tests.bot.exts.backend.sync.test_roles.RoleSyncerDiffTests" name="test_diff_for_new_roles" time="0.005" /><testcase classname="tests.bot.exts.backend.sync.test_roles.RoleSyncerDiffTests" name="test_diff_for_new_updated_and_deleted_roles" time="0.005" /><testcase classname="tests.bot.exts.backend.sync.test_roles.RoleSyncerDiffTests" name="test_diff_for_updated_roles" time="0.005" /><testcase classname="tests.bot.exts.backend.sync.test_roles.RoleSyncerDiffTests" name="test_empty_diff_for_identical_roles" time="0.005" /><testcase classname="tests.bot.exts.backend.sync.test_roles.RoleSyncerSyncTests" name="test_sync_created_roles" time="0.007" /><testcase classname="tests.bot.exts.backend.sync.test_roles.RoleSyncerSyncTests" name="test_sync_deleted_roles" time="0.006" /><testcase classname="tests.bot.exts.backend.sync.test_roles.RoleSyncerSyncTests" name="test_sync_updated_roles" time="0.006" /><testcase classname="tests.bot.exts.backend.sync.test_users.UserSyncerDiffTests" name="test_diff_for_new_updated_and_leaving_users" time="0.022" /><testcase classname="tests.bot.exts.backend.sync.test_users.UserSyncerDiffTests" name="test_diff_for_new_users" time="0.010" /><testcase classname="tests.bot.exts.backend.sync.test_users.UserSyncerDiffTests" name="test_diff_for_updated_users" time="0.011" /><testcase classname="tests.bot.exts.backend.sync.test_users.UserSyncerDiffTests" name="test_diff_sets_in_guild_false_for_leaving_users" time="0.008" /><testcase classname="tests.bot.exts.backend.sync.test_users.UserSyncerDiffTests" name="test_empty_diff_for_db_users_not_in_guild" time="0.009" /><testcase classname="tests.bot.exts.backend.sync.test_users.UserSyncerDiffTests" name="test_empty_diff_for_identical_users" time="0.008" /><testcase classname="tests.bot.exts.backend.sync.test_users.UserSyncerDiffTests" name="test_empty_diff_for_no_users" time="0.005" /><testcase classname="tests.bot.exts.backend.sync.test_users.UserSyncerSyncTests" name="test_sync_created_users" time="0.007" /><testcase classname="tests.bot.exts.backend.sync.test_users.UserSyncerSyncTests" name="test_sync_updated_users" time="0.006" /><testcase classname="tests.bot.exts.backend.test_error_handler.ErrorHandlerTests" name="test_error_handler_already_handled" time="0.015" /><testcase classname="tests.bot.exts.backend.test_error_handler.ErrorHandlerTests" name="test_error_handler_check_failure" time="0.009" /><testcase classname="tests.bot.exts.backend.test_error_handler.ErrorHandlerTests" name="test_error_handler_command_invoke_error" time="0.013" /><testcase classname="tests.bot.exts.backend.test_error_handler.ErrorHandlerTests" name="test_error_handler_command_not_found_error_invoked_by_handler" time="0.029" /><testcase classname="tests.bot.exts.backend.test_error_handler.ErrorHandlerTests" name="test_error_handler_command_not_found_error_not_invoked_by_handler" time="0.012" /><testcase classname="tests.bot.exts.backend.test_error_handler.ErrorHandlerTests" name="test_error_handler_command_on_cooldown" time="0.009" /><testcase classname="tests.bot.exts.backend.test_error_handler.ErrorHandlerTests" name="test_error_handler_conversion_error" time="0.011" /><testcase classname="tests.bot.exts.backend.test_error_handler.ErrorHandlerTests" name="test_error_handler_other_errors" time="0.008" /><testcase classname="tests.bot.exts.backend.test_error_handler.ErrorHandlerTests" name="test_error_handler_unexpected_errors" time="0.011" /><testcase classname="tests.bot.exts.backend.test_error_handler.ErrorHandlerTests" name="test_error_handler_user_input_error" time="0.009" /><testcase classname="tests.bot.exts.backend.test_error_handler.TrySilenceTests" name="test_try_silence_get_command" time="0.019" /><testcase classname="tests.bot.exts.backend.test_error_handler.TrySilenceTests" name="test_try_silence_no_match" time="0.025" /><testcase classname="tests.bot.exts.backend.test_error_handler.TrySilenceTests" name="test_try_silence_no_permissions_to_run" time="0.013" /><testcase classname="tests.bot.exts.backend.test_error_handler.TrySilenceTests" name="test_try_silence_no_permissions_to_run_command_error" time="0.012" /><testcase classname="tests.bot.exts.backend.test_error_handler.TrySilenceTests" name="test_try_silence_silence_arguments" time="0.016" /><testcase classname="tests.bot.exts.backend.test_error_handler.TrySilenceTests" name="test_try_silence_silence_duration" time="0.015" /><testcase classname="tests.bot.exts.backend.test_error_handler.TrySilenceTests" name="test_try_silence_silence_message" time="0.012" /><testcase classname="tests.bot.exts.backend.test_error_handler.TrySilenceTests" name="test_try_silence_unsilence" time="0.014" /><testcase classname="tests.bot.exts.backend.test_error_handler.TrySilenceTests" name="test_try_silence_unsilence_message" time="0.012" /><testcase classname="tests.bot.exts.backend.test_error_handler.TryGetTagTests" name="test_call_suggestion" time="0.044" /><testcase classname="tests.bot.exts.backend.test_error_handler.TryGetTagTests" name="test_dont_call_suggestion_if_user_mod" time="0.019" /><testcase classname="tests.bot.exts.backend.test_error_handler.TryGetTagTests" name="test_dont_call_suggestion_tag_sent" time="0.015" /><testcase classname="tests.bot.exts.backend.test_error_handler.TryGetTagTests" name="test_try_get_tag_get_command" time="0.023" /><testcase classname="tests.bot.exts.backend.test_error_handler.TryGetTagTests" name="test_try_get_tag_no_permissions" time="0.016" /><testcase classname="tests.bot.exts.backend.test_error_handler.IndividualErrorHandlerTests" name="test_handle_api_error" time="0.033" /><testcase classname="tests.bot.exts.backend.test_error_handler.IndividualErrorHandlerTests" name="test_handle_check_failure_errors" time="0.025" /><testcase classname="tests.bot.exts.backend.test_error_handler.IndividualErrorHandlerTests" name="test_handle_input_error_handler_errors" time="0.030" /><testcase classname="tests.bot.exts.backend.test_error_handler.IndividualErrorHandlerTests" name="test_handle_unexpected_error" time="0.030" /><testcase classname="tests.bot.exts.backend.test_error_handler.ErrorHandlerSetupTests" name="test_setup" time="0.003" /><testcase classname="tests.bot.exts.backend.test_logging.LoggingTests" name="test_debug_mode_false" time="0.009" /><testcase classname="tests.bot.exts.backend.test_logging.LoggingTests" name="test_debug_mode_true" time="0.005" /><testcase classname="tests.bot.exts.backend.test_security.SecurityCogTests" name="test_check_additions" time="0.007" /><testcase classname="tests.bot.exts.backend.test_security.SecurityCogTests" name="test_check_not_bot_returns_false_for_humans" time="0.007" /><testcase classname="tests.bot.exts.backend.test_security.SecurityCogTests" name="test_check_not_bot_returns_true_for_robots" time="0.007" /><testcase classname="tests.bot.exts.backend.test_security.SecurityCogTests" name="test_check_on_guild_raises_when_outside_of_guild" time="0.007" /><testcase classname="tests.bot.exts.backend.test_security.SecurityCogTests" name="test_check_on_guild_returns_true_inside_of_guild" time="0.007" /><testcase classname="tests.bot.exts.backend.test_security.SecurityCogLoadTests" name="test_security_cog_load" time="0.004" /><testcase classname="tests.bot.exts.filtering.test_discord_token_filter.DiscordTokenFilterTests" name="test_extract_user_id_invalid" time="0.011" /><testcase classname="tests.bot.exts.filtering.test_discord_token_filter.DiscordTokenFilterTests" name="test_extract_user_id_valid" time="0.006" /><testcase classname="tests.bot.exts.filtering.test_discord_token_filter.DiscordTokenFilterTests" name="test_find_token_invalid_matches" time="0.016" /><testcase classname="tests.bot.exts.filtering.test_discord_token_filter.DiscordTokenFilterTests" name="test_find_token_valid_match" time="0.019" /><testcase classname="tests.bot.exts.filtering.test_discord_token_filter.DiscordTokenFilterTests" name="test_format_log_message" time="0.008" /><testcase classname="tests.bot.exts.filtering.test_discord_token_filter.DiscordTokenFilterTests" name="test_format_log_message_user_token_user" time="0.012" /><testcase classname="tests.bot.exts.filtering.test_discord_token_filter.DiscordTokenFilterTests" name="test_format_userid_log_message_bot" time="0.009" /><testcase classname="tests.bot.exts.filtering.test_discord_token_filter.DiscordTokenFilterTests" name="test_format_userid_log_message_unknown" time="0.010" /><testcase classname="tests.bot.exts.filtering.test_discord_token_filter.DiscordTokenFilterTests" name="test_is_invalid_hmac_invalid" time="0.009" /><testcase classname="tests.bot.exts.filtering.test_discord_token_filter.DiscordTokenFilterTests" name="test_is_valid_hmac_valid" time="0.007" /><testcase classname="tests.bot.exts.filtering.test_discord_token_filter.DiscordTokenFilterTests" name="test_is_valid_timestamp_invalid" time="0.010" /><testcase classname="tests.bot.exts.filtering.test_discord_token_filter.DiscordTokenFilterTests" name="test_is_valid_timestamp_valid" time="0.006" /><testcase classname="tests.bot.exts.filtering.test_discord_token_filter.DiscordTokenFilterTests" name="test_no_trigger_when_no_token" time="0.009" /><testcase classname="tests.bot.exts.filtering.test_discord_token_filter.DiscordTokenFilterTests" name="test_regex_invalid_tokens" time="0.007" /><testcase classname="tests.bot.exts.filtering.test_discord_token_filter.DiscordTokenFilterTests" name="test_regex_matches_multiple_valid" time="0.008" /><testcase classname="tests.bot.exts.filtering.test_discord_token_filter.DiscordTokenFilterTests" name="test_regex_valid_tokens" time="0.007" /><testcase classname="tests.bot.exts.filtering.test_extension_filter.ExtensionsListTests" name="test_get_disallowed_extensions" time="0.019" /><testcase classname="tests.bot.exts.filtering.test_extension_filter.ExtensionsListTests" name="test_message_with_allowed_attachment" time="0.006" /><testcase classname="tests.bot.exts.filtering.test_extension_filter.ExtensionsListTests" name="test_message_with_illegal_extension" time="0.006" /><testcase classname="tests.bot.exts.filtering.test_extension_filter.ExtensionsListTests" name="test_message_without_attachment" time="0.006" /><testcase classname="tests.bot.exts.filtering.test_extension_filter.ExtensionsListTests" name="test_other_disallowed_extension_embed_description" time="0.007" /><testcase classname="tests.bot.exts.filtering.test_settings.FilterTests" name="test_create_settings_returns_none_for_empty_data" time="0.000" /><testcase classname="tests.bot.exts.filtering.test_settings.FilterTests" name="test_unrecognized_entry_makes_a_warning" time="0.000" /><testcase classname="tests.bot.exts.filtering.test_settings_entries.FilterTests" name="test_context_doesnt_trigger_for_disabled_channel" time="0.018" /><testcase classname="tests.bot.exts.filtering.test_settings_entries.FilterTests" name="test_context_doesnt_trigger_for_empty_channel_scope" time="0.005" /><testcase classname="tests.bot.exts.filtering.test_settings_entries.FilterTests" name="test_context_doesnt_trigger_in_disabled_category" time="0.005" /><testcase classname="tests.bot.exts.filtering.test_settings_entries.FilterTests" name="test_context_doesnt_trigger_inside_disabled_channel_in_enabled_category" time="0.004" /><testcase classname="tests.bot.exts.filtering.test_settings_entries.FilterTests" name="test_context_doesnt_trigger_outside_enabled_category" time="0.005" /><testcase classname="tests.bot.exts.filtering.test_settings_entries.FilterTests" name="test_context_triggers_in_enabled_channel_in_disabled_category" time="0.004" /><testcase classname="tests.bot.exts.filtering.test_settings_entries.FilterTests" name="test_context_triggers_inside_enabled_category" time="0.004" /><testcase classname="tests.bot.exts.filtering.test_settings_entries.FilterTests" name="test_filtering_dms_when_necessary" time="0.009" /><testcase classname="tests.bot.exts.filtering.test_settings_entries.FilterTests" name="test_infraction_merge_of_different_infraction_types" time="0.010" /><testcase classname="tests.bot.exts.filtering.test_settings_entries.FilterTests" name="test_infraction_merge_of_same_infraction_type" time="0.004" /><testcase classname="tests.bot.exts.filtering.test_settings_entries.FilterTests" name="test_role_bypass_is_off_for_user_without_roles" time="0.006" /><testcase classname="tests.bot.exts.filtering.test_settings_entries.FilterTests" name="test_role_bypass_is_on_for_a_user_with_the_right_role" time="0.009" /><testcase classname="tests.bot.exts.filtering.test_token_filter.TokenFilterTests" name="test_token_filter_triggers" time="0.008" /><testcase classname="tests.bot.exts.info.codeblock.test_parsing.FindFaultyCodeblocksTest" name="test_should_not_recognize_normal_double_quotes" time="0.007" /><testcase classname="tests.bot.exts.info.codeblock.test_parsing.FindFaultyCodeblocksTest" name="test_should_not_recognize_normal_double_quotes_python_text" time="0.000" /><testcase classname="tests.bot.exts.info.codeblock.test_parsing.FindFaultyCodeblocksTest" name="test_should_not_recognize_normal_single_quotes" time="0.000" /><testcase classname="tests.bot.exts.info.codeblock.test_parsing.FindFaultyCodeblocksTest" name="test_should_not_recognize_quoting_single_quotes" time="0.000" /><testcase classname="tests.bot.exts.info.codeblock.test_parsing.FindFaultyCodeblocksTest" name="test_should_recognize_contained_codeblock" time="0.000" /><testcase classname="tests.bot.exts.info.codeblock.test_parsing.FindFaultyCodeblocksTest" name="test_should_recognize_contained_codeblock_even_if_that_breaks_formatting" time="0.000" /><testcase classname="tests.bot.exts.info.codeblock.test_parsing.FindFaultyCodeblocksTest" name="test_should_recognize_missing_language" time="0.001" /><testcase classname="tests.bot.exts.info.codeblock.test_parsing.FindFaultyCodeblocksTest" name="test_should_recognize_single_backtick_no_language" time="0.000" /><testcase classname="tests.bot.exts.info.codeblock.test_parsing.FindFaultyCodeblocksTest" name="test_should_recognize_single_backtick_with_language" time="0.000" /><testcase classname="tests.bot.exts.info.codeblock.test_parsing.FindFaultyCodeblocksTest" name="test_should_recognize_single_single_quote_with_py_language" time="0.000" /><testcase classname="tests.bot.exts.info.codeblock.test_parsing.FindFaultyCodeblocksTest" name="test_should_recognize_single_single_quote_with_python_language" time="0.000" /><testcase classname="tests.bot.exts.info.codeblock.test_parsing.FindFaultyCodeblocksTest" name="test_should_recognize_wrong_number_of_backticks" time="0.000" /><testcase classname="tests.bot.exts.info.doc.test_parsing.SignatureSplitter" name="test_basic_split" time="0.003" /><testcase classname="tests.bot.exts.info.doc.test_parsing.SignatureSplitter" name="test_commas_ignored_in_brackets" time="0.000" /><testcase classname="tests.bot.exts.info.doc.test_parsing.SignatureSplitter" name="test_mixed_brackets" time="0.000" /><testcase classname="tests.bot.exts.info.doc.test_parsing.SignatureSplitter" name="test_mixed_quotes" time="0.000" /><testcase classname="tests.bot.exts.info.doc.test_parsing.SignatureSplitter" name="test_quote_escaped" time="0.000" /><testcase classname="tests.bot.exts.info.doc.test_parsing.SignatureSplitter" name="test_real_signatures" time="0.000" /><testcase classname="tests.bot.exts.info.doc.test_parsing.SignatureSplitter" name="test_string_contents_ignored" time="0.000" /><testcase classname="tests.bot.exts.info.doc.test_parsing.MarkdownConverterTest" name="test_hr_removed" time="0.002" /><testcase classname="tests.bot.exts.info.doc.test_parsing.MarkdownConverterTest" name="test_whitespace_removed" time="0.001" /><testcase classname="tests.bot.exts.info.doc.test_parsing.MarkdownCreationTest" name="test_surrounding_whitespace" time="0.006" /><testcase classname="tests.bot.exts.info.test_help.HelpCogTests" name="test_help_fuzzy_matching" time="0.013" /><testcase classname="tests.bot.exts.info.test_information.InformationCogTests" name="test_role_info_command" time="0.013" /><testcase classname="tests.bot.exts.info.test_information.InformationCogTests" name="test_roles_command_command" time="0.011" /><testcase classname="tests.bot.exts.info.test_information.UserInfractionHelperMethodTests" name="test_basic_user_infraction_counts_returns_correct_strings" time="0.007" /><testcase classname="tests.bot.exts.info.test_information.UserInfractionHelperMethodTests" name="test_expanded_user_infraction_counts_returns_correct_strings" time="0.006" /><testcase classname="tests.bot.exts.info.test_information.UserInfractionHelperMethodTests" name="test_user_command_helper_method_get_requests" time="0.010" /><testcase classname="tests.bot.exts.info.test_information.UserInfractionHelperMethodTests" name="test_user_nomination_counts_returns_correct_strings" time="0.005" /><testcase classname="tests.bot.exts.info.test_information.UserEmbedTests" name="test_create_user_embed_basic_information_outside_of_moderation_channels" time="0.020" /><testcase classname="tests.bot.exts.info.test_information.UserEmbedTests" name="test_create_user_embed_expanded_information_in_moderation_channels" time="0.014" /><testcase classname="tests.bot.exts.info.test_information.UserEmbedTests" name="test_create_user_embed_ignores_everyone_role" time="0.013" /><testcase classname="tests.bot.exts.info.test_information.UserEmbedTests" name="test_create_user_embed_uses_nick_in_title_if_available" time="0.012" /><testcase classname="tests.bot.exts.info.test_information.UserEmbedTests" name="test_create_user_embed_uses_og_blurple_colour_when_user_has_no_roles" time="0.011" /><testcase classname="tests.bot.exts.info.test_information.UserEmbedTests" name="test_create_user_embed_uses_png_format_of_user_avatar_as_thumbnail" time="0.011" /><testcase classname="tests.bot.exts.info.test_information.UserEmbedTests" name="test_create_user_embed_uses_string_representation_of_user_in_title_if_nick_is_not_available" time="0.016" /><testcase classname="tests.bot.exts.info.test_information.UserEmbedTests" name="test_create_user_embed_uses_top_role_colour_when_user_has_roles" time="0.013" /><testcase classname="tests.bot.exts.info.test_information.UserCommandTests" name="test_moderators_can_target_another_member" time="0.031" /><testcase classname="tests.bot.exts.info.test_information.UserCommandTests" name="test_regular_member_cannot_target_another_member" time="0.013" /><testcase classname="tests.bot.exts.info.test_information.UserCommandTests" name="test_regular_member_cannot_use_command_outside_of_bot_commands" time="0.014" /><testcase classname="tests.bot.exts.info.test_information.UserCommandTests" name="test_regular_user_can_explicitly_target_themselves" time="0.014" /><testcase classname="tests.bot.exts.info.test_information.UserCommandTests" name="test_regular_user_may_use_command_in_bot_commands_channel" time="0.014" /><testcase classname="tests.bot.exts.info.test_information.UserCommandTests" name="test_staff_members_can_bypass_channel_restriction" time="0.013" /><testcase classname="tests.bot.exts.info.test_information.RuleCommandTests" name="test_return_correct_rule_numbers" time="0.360" /><testcase classname="tests.bot.exts.info.test_information.RuleCommandTests" name="test_return_default_rules_when_no_input_or_no_match_are_found" time="0.080" /><testcase classname="tests.bot.exts.info.test_information.RuleCommandTests" name="test_return_none_if_one_rule_number_is_invalid" time="0.040" /><testcase classname="tests.bot.exts.moderation.infraction.test_infractions.TruncationTests" name="test_apply_ban_reason_truncation" time="0.033" /><testcase classname="tests.bot.exts.moderation.infraction.test_infractions.TruncationTests" name="test_apply_kick_reason_truncation" time="0.020" /><testcase classname="tests.bot.exts.moderation.infraction.test_infractions.VoiceMuteTests" name="test_permanent_voice_mute" time="0.014" /><testcase classname="tests.bot.exts.moderation.infraction.test_infractions.VoiceMuteTests" name="test_temporary_voice_mute" time="0.013" /><testcase classname="tests.bot.exts.moderation.infraction.test_infractions.VoiceMuteTests" name="test_voice_mute_apply_infraction" time="0.016" /><testcase classname="tests.bot.exts.moderation.infraction.test_infractions.VoiceMuteTests" name="test_voice_mute_infraction_post_add_kwargs" time="0.012" /><testcase classname="tests.bot.exts.moderation.infraction.test_infractions.VoiceMuteTests" name="test_voice_mute_infraction_post_failed" time="0.013" /><testcase classname="tests.bot.exts.moderation.infraction.test_infractions.VoiceMuteTests" name="test_voice_mute_mod_log_ignore" time="0.013" /><testcase classname="tests.bot.exts.moderation.infraction.test_infractions.VoiceMuteTests" name="test_voice_mute_truncate_reason" time="0.016" /><testcase classname="tests.bot.exts.moderation.infraction.test_infractions.VoiceMuteTests" name="test_voice_mute_user_have_active_infraction" time="0.013" /><testcase classname="tests.bot.exts.moderation.infraction.test_infractions.VoiceMuteTests" name="test_voice_mute_user_left_guild" time="0.016" /><testcase classname="tests.bot.exts.moderation.infraction.test_infractions.VoiceMuteTests" name="test_voice_unmute" time="0.012" /><testcase classname="tests.bot.exts.moderation.infraction.test_infractions.VoiceMuteTests" name="test_voice_unmute_dm_fail" time="0.014" /><testcase classname="tests.bot.exts.moderation.infraction.test_infractions.VoiceMuteTests" name="test_voice_unmute_reasonless" time="0.012" /><testcase classname="tests.bot.exts.moderation.infraction.test_infractions.VoiceMuteTests" name="test_voice_unmute_user_found" time="0.013" /><testcase classname="tests.bot.exts.moderation.infraction.test_infractions.VoiceMuteTests" name="test_voice_unmute_user_not_found" time="0.012" /><testcase classname="tests.bot.exts.moderation.infraction.test_infractions.CleanBanTests" name="test_cleanban_doesnt_purge_messages_if_clean_cog_available" time="0.018" /><testcase classname="tests.bot.exts.moderation.infraction.test_infractions.CleanBanTests" name="test_cleanban_edits_infraction_reason" time="0.019" /><testcase classname="tests.bot.exts.moderation.infraction.test_infractions.CleanBanTests" name="test_cleanban_falls_back_to_native_purge_without_clean_cog" time="0.014" /><testcase classname="tests.bot.exts.moderation.infraction.test_infractions.CleanBanTests" name="test_cleanban_uses_clean_cog_when_available" time="0.015" /><testcase classname="tests.bot.exts.moderation.infraction.test_utils.ModerationUtilsTests" name="test_get_active_infraction" time="0.014" /><testcase classname="tests.bot.exts.moderation.infraction.test_utils.ModerationUtilsTests" name="test_notify_pardon" time="0.012" /><testcase classname="tests.bot.exts.moderation.infraction.test_utils.ModerationUtilsTests" name="test_post_user" time="0.015" /><testcase classname="tests.bot.exts.moderation.infraction.test_utils.ModerationUtilsTests" name="test_send_infraction_embed" time="0.000"><skipped type="pytest.skip" message="Current time needs to be patched so infraction duration is correct.">/home/douglasssousa/bot/tests/bot/exts/moderation/infraction/test_utils.py:129: Current time needs to be patched so infraction duration is correct.</skipped></testcase><testcase classname="tests.bot.exts.moderation.infraction.test_utils.ModerationUtilsTests" name="test_send_private_embed" time="0.015" /><testcase classname="tests.bot.exts.moderation.infraction.test_utils.TestPostInfraction" name="test_first_fail_second_success_user_post_infraction" time="0.016" /><testcase classname="tests.bot.exts.moderation.infraction.test_utils.TestPostInfraction" name="test_normal_post_infraction" time="0.011" /><testcase classname="tests.bot.exts.moderation.infraction.test_utils.TestPostInfraction" name="test_unknown_error_post_infraction" time="0.011" /><testcase classname="tests.bot.exts.moderation.infraction.test_utils.TestPostInfraction" name="test_user_not_found_none_post_infraction" time="0.010" /><testcase classname="tests.bot.exts.moderation.test_clean.CleanTests" name="test_clean_deletes_invocation_in_non_mod_channel" time="0.014" /><testcase classname="tests.bot.exts.moderation.test_clean.CleanTests" name="test_clean_doesnt_attempt_deletion_when_attempt_delete_invocation_is_false" time="0.023" /><testcase classname="tests.bot.exts.moderation.test_clean.CleanTests" name="test_clean_doesnt_delete_invocation_in_mod_channel" time="0.012" /><testcase classname="tests.bot.exts.moderation.test_clean.CleanTests" name="test_clean_replies_with_success_message_when_ran_in_mod_channel" time="0.019" /><testcase classname="tests.bot.exts.moderation.test_clean.CleanTests" name="test_clean_send_success_message_to_mods_when_ran_in_non_mod_channel" time="0.015" /><testcase classname="tests.bot.exts.moderation.test_incidents.TestDownloadFile" name="test_download_file_404" time="0.004" /><testcase classname="tests.bot.exts.moderation.test_incidents.TestDownloadFile" name="test_download_file_fail" time="0.016" /><testcase classname="tests.bot.exts.moderation.test_incidents.TestDownloadFile" name="test_download_file_success" time="0.003" /><testcase classname="tests.bot.exts.moderation.test_incidents.TestMakeEmbed" name="test_make_embed_actioned" time="0.007" /><testcase classname="tests.bot.exts.moderation.test_incidents.TestMakeEmbed" name="test_make_embed_content" time="0.006" /><testcase classname="tests.bot.exts.moderation.test_incidents.TestMakeEmbed" name="test_make_embed_not_actioned" time="0.005" /><testcase classname="tests.bot.exts.moderation.test_incidents.TestMakeEmbed" name="test_make_embed_with_attachment_fails" time="0.005" /><testcase classname="tests.bot.exts.moderation.test_incidents.TestMakeEmbed" name="test_make_embed_with_attachment_succeeds" time="0.007" /><testcase classname="tests.bot.exts.moderation.test_incidents.TestIsIncident" name="test_is_incident_false_author" time="0.003" /><testcase classname="tests.bot.exts.moderation.test_incidents.TestIsIncident" name="test_is_incident_false_channel" time="0.003" /><testcase classname="tests.bot.exts.moderation.test_incidents.TestIsIncident" name="test_is_incident_false_content" time="0.007" /><testcase classname="tests.bot.exts.moderation.test_incidents.TestIsIncident" name="test_is_incident_false_pinned" time="0.004" /><testcase classname="tests.bot.exts.moderation.test_incidents.TestIsIncident" name="test_is_incident_true" time="0.003" /><testcase classname="tests.bot.exts.moderation.test_incidents.TestOwnReactions" name="test_own_reactions" time="0.013" /><testcase classname="tests.bot.exts.moderation.test_incidents.TestHasSignals" name="test_has_signals_false" time="0.002" /><testcase classname="tests.bot.exts.moderation.test_incidents.TestHasSignals" name="test_has_signals_true" time="0.002" /><testcase classname="tests.bot.exts.moderation.test_incidents.TestAddSignals" name="test_add_signals_missing" time="0.005" /><testcase classname="tests.bot.exts.moderation.test_incidents.TestAddSignals" name="test_add_signals_partial" time="0.004" /><testcase classname="tests.bot.exts.moderation.test_incidents.TestAddSignals" name="test_add_signals_present" time="0.004" /><testcase classname="tests.bot.exts.moderation.test_incidents.TestCrawlIncidents" name="test_crawl_incidents_add_signals_called" time="0.141" /><testcase classname="tests.bot.exts.moderation.test_incidents.TestCrawlIncidents" name="test_crawl_incidents_noop_if_is_not_incident" time="0.007" /><testcase classname="tests.bot.exts.moderation.test_incidents.TestCrawlIncidents" name="test_crawl_incidents_noop_if_message_already_has_signals" time="0.007" /><testcase classname="tests.bot.exts.moderation.test_incidents.TestCrawlIncidents" name="test_crawl_incidents_waits_until_cache_ready" time="0.008" /><testcase classname="tests.bot.exts.moderation.test_incidents.TestArchive" name="test_archive_clyde_username" time="0.011" /><testcase classname="tests.bot.exts.moderation.test_incidents.TestArchive" name="test_archive_relays_incident" time="0.009" /><testcase classname="tests.bot.exts.moderation.test_incidents.TestArchive" name="test_archive_webhook_not_found" time="0.011" /><testcase classname="tests.bot.exts.moderation.test_incidents.TestMakeConfirmationTask" name="test_make_confirmation_task_check" time="0.009" /><testcase classname="tests.bot.exts.moderation.test_incidents.TestProcessEvent" name="test_process_event_bad_emoji" time="0.011" /><testcase classname="tests.bot.exts.moderation.test_incidents.TestProcessEvent" name="test_process_event_bad_role" time="0.008" /><testcase classname="tests.bot.exts.moderation.test_incidents.TestProcessEvent" name="test_process_event_confirmation_task_is_awaited" time="0.009" /><testcase classname="tests.bot.exts.moderation.test_incidents.TestProcessEvent" name="test_process_event_confirmation_task_timeout_is_handled" time="0.009" /><testcase classname="tests.bot.exts.moderation.test_incidents.TestProcessEvent" name="test_process_event_no_archive_on_investigating" time="0.008" /><testcase classname="tests.bot.exts.moderation.test_incidents.TestProcessEvent" name="test_process_event_no_delete_if_archive_fails" time="0.008" /><testcase classname="tests.bot.exts.moderation.test_incidents.TestResolveMessage" name="test_resolve_message_doesnt_exist" time="0.008" /><testcase classname="tests.bot.exts.moderation.test_incidents.TestResolveMessage" name="test_resolve_message_fetch_fails" time="0.007" /><testcase classname="tests.bot.exts.moderation.test_incidents.TestResolveMessage" name="test_resolve_message_in_cache" time="0.007" /><testcase classname="tests.bot.exts.moderation.test_incidents.TestResolveMessage" name="test_resolve_message_not_in_cache" time="0.008" /><testcase classname="tests.bot.exts.moderation.test_incidents.TestResolveMessage" name="test_resolve_message_pass_message_id" time="0.005" /><testcase classname="tests.bot.exts.moderation.test_incidents.TestOnRawReactionAdd" name="test_on_raw_reaction_add_message_doesnt_exist" time="0.011" /><testcase classname="tests.bot.exts.moderation.test_incidents.TestOnRawReactionAdd" name="test_on_raw_reaction_add_message_is_not_an_incident" time="0.008" /><testcase classname="tests.bot.exts.moderation.test_incidents.TestOnRawReactionAdd" name="test_on_raw_reaction_add_user_is_bot" time="0.006" /><testcase classname="tests.bot.exts.moderation.test_incidents.TestOnRawReactionAdd" name="test_on_raw_reaction_add_valid_event_is_processed" time="0.093" /><testcase classname="tests.bot.exts.moderation.test_incidents.TestOnRawReactionAdd" name="test_on_raw_reaction_add_wrong_channel" time="0.004" /><testcase classname="tests.bot.exts.moderation.test_incidents.TestOnMessage" name="test_on_message_incident" time="0.008" /><testcase classname="tests.bot.exts.moderation.test_incidents.TestOnMessage" name="test_on_message_non_incident" time="0.007" /><testcase classname="tests.bot.exts.moderation.test_incidents.TestMessageLinkEmbeds" name="test_shorten_text" time="0.006" /><testcase classname="tests.bot.exts.moderation.test_modlog.ModLogTests" name="test_log_entry_description_truncation" time="0.008" /><testcase classname="tests.bot.exts.moderation.test_silence.SilenceNotifierTests" name="test_add_channel_adds_channel" time="0.002" /><testcase classname="tests.bot.exts.moderation.test_silence.SilenceNotifierTests" name="test_add_channel_loop_called_correctly" time="0.002" /><testcase classname="tests.bot.exts.moderation.test_silence.SilenceNotifierTests" name="test_notifier_private_sends_alert" time="0.006" /><testcase classname="tests.bot.exts.moderation.test_silence.SilenceNotifierTests" name="test_notifier_skips_alert" time="0.004" /><testcase classname="tests.bot.exts.moderation.test_silence.SilenceNotifierTests" name="test_remove_channel_removes_channel" time="0.003" /><testcase classname="tests.bot.exts.moderation.test_silence.SilenceNotifierTests" name="test_remove_channel_skips_stop_with_channels" time="0.002" /><testcase classname="tests.bot.exts.moderation.test_silence.SilenceNotifierTests" name="test_remove_channel_stops_loop" time="0.002" /><testcase classname="tests.bot.exts.moderation.test_silence.SilenceCogTests" name="test_cog_check" time="0.026" /><testcase classname="tests.bot.exts.moderation.test_silence.SilenceCogTests" name="test_cog_load_got_channels" time="0.013" /><testcase classname="tests.bot.exts.moderation.test_silence.SilenceCogTests" name="test_cog_load_got_guild" time="0.014" /><testcase classname="tests.bot.exts.moderation.test_silence.SilenceCogTests" name="test_cog_load_got_notifier" time="0.016" /><testcase classname="tests.bot.exts.moderation.test_silence.SilenceCogTests" name="test_force_voice_sync" time="0.026" /><testcase classname="tests.bot.exts.moderation.test_silence.SilenceCogTests" name="test_force_voice_sync_no_channel" time="0.022" /><testcase classname="tests.bot.exts.moderation.test_silence.SilenceCogTests" name="test_kick_move_to_error" time="0.020" /><testcase classname="tests.bot.exts.moderation.test_silence.SilenceCogTests" name="test_sync_move_to_error" time="0.019" /><testcase classname="tests.bot.exts.moderation.test_silence.SilenceCogTests" name="test_voice_kick" time="0.022" /><testcase classname="tests.bot.exts.moderation.test_silence.SilenceCogTests" name="testcog_load_rescheduled" time="0.015" /><testcase classname="tests.bot.exts.moderation.test_silence.SilenceArgumentParserTests" name="test_all_args" time="0.008" /><testcase classname="tests.bot.exts.moderation.test_silence.SilenceArgumentParserTests" name="test_channel_only" time="0.008" /><testcase classname="tests.bot.exts.moderation.test_silence.SilenceArgumentParserTests" name="test_command" time="0.019" /><testcase classname="tests.bot.exts.moderation.test_silence.SilenceArgumentParserTests" name="test_duration_only" time="0.007" /><testcase classname="tests.bot.exts.moderation.test_silence.SilenceArgumentParserTests" name="test_no_arguments" time="0.007" /><testcase classname="tests.bot.exts.moderation.test_silence.RescheduleTests" name="test_added_permanent_to_notifier" time="0.041" /><testcase classname="tests.bot.exts.moderation.test_silence.RescheduleTests" name="test_rescheduled_active" time="0.037" /><testcase classname="tests.bot.exts.moderation.test_silence.RescheduleTests" name="test_skipped_missing_channel" time="0.037" /><testcase classname="tests.bot.exts.moderation.test_silence.RescheduleTests" name="test_unsilenced_expired" time="0.036" /><testcase classname="tests.bot.exts.moderation.test_silence.SilenceTests" name="test_cached_indefinite_time" time="0.028" /><testcase classname="tests.bot.exts.moderation.test_silence.SilenceTests" name="test_cached_previous_overwrites" time="0.017" /><testcase classname="tests.bot.exts.moderation.test_silence.SilenceTests" name="test_cached_unsilence_time" time="0.030" /><testcase classname="tests.bot.exts.moderation.test_silence.SilenceTests" name="test_indefinite_added_to_notifier" time="0.022" /><testcase classname="tests.bot.exts.moderation.test_silence.SilenceTests" name="test_indefinite_silence" time="0.023" /><testcase classname="tests.bot.exts.moderation.test_silence.SilenceTests" name="test_kick_called" time="0.025" /><testcase classname="tests.bot.exts.moderation.test_silence.SilenceTests" name="test_kick_not_called" time="0.023" /><testcase classname="tests.bot.exts.moderation.test_silence.SilenceTests" name="test_permanent_not_scheduled" time="0.022" /><testcase classname="tests.bot.exts.moderation.test_silence.SilenceTests" name="test_preserved_other_overwrites_text" time="0.022" /><testcase classname="tests.bot.exts.moderation.test_silence.SilenceTests" name="test_preserved_other_overwrites_voice" time="0.016" /><testcase classname="tests.bot.exts.moderation.test_silence.SilenceTests" name="test_scheduled_task" time="0.022" /><testcase classname="tests.bot.exts.moderation.test_silence.SilenceTests" name="test_sent_correct_message" time="0.069" /><testcase classname="tests.bot.exts.moderation.test_silence.SilenceTests" name="test_silenced_not_added_to_notifier" time="0.033" /><testcase classname="tests.bot.exts.moderation.test_silence.SilenceTests" name="test_silenced_text_channel" time="0.020" /><testcase classname="tests.bot.exts.moderation.test_silence.SilenceTests" name="test_silenced_voice_channel_full" time="0.017" /><testcase classname="tests.bot.exts.moderation.test_silence.SilenceTests" name="test_silenced_voice_channel_speak" time="0.016" /><testcase classname="tests.bot.exts.moderation.test_silence.SilenceTests" name="test_skipped_already_silenced" time="0.021" /><testcase classname="tests.bot.exts.moderation.test_silence.SilenceTests" name="test_sync_called" time="0.023" /><testcase classname="tests.bot.exts.moderation.test_silence.SilenceTests" name="test_sync_not_called" time="0.024" /><testcase classname="tests.bot.exts.moderation.test_silence.SilenceTests" name="test_temp_not_added_to_notifier" time="0.026" /><testcase classname="tests.bot.exts.moderation.test_silence.UnsilenceTests" name="test_cache_miss_sent_mod_alert_text" time="0.021" /><testcase classname="tests.bot.exts.moderation.test_silence.UnsilenceTests" name="test_cache_miss_sent_mod_alert_voice" time="0.020" /><testcase classname="tests.bot.exts.moderation.test_silence.UnsilenceTests" name="test_cache_miss_used_default_overwrites_text" time="0.017" /><testcase classname="tests.bot.exts.moderation.test_silence.UnsilenceTests" name="test_cache_miss_used_default_overwrites_voice" time="0.018" /><testcase classname="tests.bot.exts.moderation.test_silence.UnsilenceTests" name="test_cancelled_task" time="0.023" /><testcase classname="tests.bot.exts.moderation.test_silence.UnsilenceTests" name="test_deleted_cached_overwrite" time="0.242" /><testcase classname="tests.bot.exts.moderation.test_silence.UnsilenceTests" name="test_deleted_cached_time" time="0.066" /><testcase classname="tests.bot.exts.moderation.test_silence.UnsilenceTests" name="test_preserved_other_overwrites_text" time="0.026" /><testcase classname="tests.bot.exts.moderation.test_silence.UnsilenceTests" name="test_preserved_other_overwrites_voice" time="0.024" /><testcase classname="tests.bot.exts.moderation.test_silence.UnsilenceTests" name="test_removed_notifier" time="0.019" /><testcase classname="tests.bot.exts.moderation.test_silence.UnsilenceTests" name="test_restored_overwrites_text" time="0.020" /><testcase classname="tests.bot.exts.moderation.test_silence.UnsilenceTests" name="test_restored_overwrites_voice" time="0.026" /><testcase classname="tests.bot.exts.moderation.test_silence.UnsilenceTests" name="test_sent_correct_message" time="0.085" /><testcase classname="tests.bot.exts.moderation.test_silence.UnsilenceTests" name="test_skipped_already_unsilenced" time="0.020" /><testcase classname="tests.bot.exts.moderation.test_silence.UnsilenceTests" name="test_unsilence_role" time="0.043" /><testcase classname="tests.bot.exts.moderation.test_silence.SendMessageTests" name="test_duration_replacement" time="0.007" /><testcase classname="tests.bot.exts.moderation.test_silence.SendMessageTests" name="test_name_replacement_multiple_channels" time="0.007" /><testcase classname="tests.bot.exts.moderation.test_silence.SendMessageTests" name="test_send_to_channel" time="0.006" /><testcase classname="tests.bot.exts.moderation.test_silence.SendMessageTests" name="test_send_to_multiple_channels" time="0.007" /><testcase classname="tests.bot.exts.moderation.test_silence.SendMessageTests" name="test_silence_voice" time="0.006" /><testcase classname="tests.bot.exts.moderation.test_silence.SendMessageTests" name="test_silence_voice_alert" time="0.007" /><testcase classname="tests.bot.exts.moderation.test_silence.SendMessageTests" name="test_silence_voice_sibling_channel" time="0.006" /><testcase classname="tests.bot.exts.moderation.test_slowmode.SlowmodeTests" name="test_callback_scheduled" time="0.024" /><testcase classname="tests.bot.exts.moderation.test_slowmode.SlowmodeTests" name="test_cog_check" time="0.011" /><testcase classname="tests.bot.exts.moderation.test_slowmode.SlowmodeTests" name="test_get_slowmode_no_channel" time="0.014" /><testcase classname="tests.bot.exts.moderation.test_slowmode.SlowmodeTests" name="test_get_slowmode_with_channel" time="0.012" /><testcase classname="tests.bot.exts.moderation.test_slowmode.SlowmodeTests" name="test_reschedule_slowmodes" time="0.012" /><testcase classname="tests.bot.exts.moderation.test_slowmode.SlowmodeTests" name="test_reschedule_upon_reload" time="0.013" /><testcase classname="tests.bot.exts.moderation.test_slowmode.SlowmodeTests" name="test_reschedules_slowmodes" time="1.020" /><testcase classname="tests.bot.exts.moderation.test_slowmode.SlowmodeTests" name="test_reset_slowmode_sets_delay_to_zero" time="0.011" /><testcase classname="tests.bot.exts.moderation.test_slowmode.SlowmodeTests" name="test_revert_slowmode_callback" time="0.017" /><testcase classname="tests.bot.exts.moderation.test_slowmode.SlowmodeTests" name="test_set_slowmode_no_channel" time="0.016" /><testcase classname="tests.bot.exts.moderation.test_slowmode.SlowmodeTests" name="test_set_slowmode_with_channel" time="0.017" /><testcase classname="tests.bot.exts.moderation.test_slowmode.SlowmodeTests" name="test_set_slowmode_with_expiry" time="0.026" /><testcase classname="tests.bot.exts.recruitment.talentpool.test_review.ReviewerTests" name="test_get_nomination_to_review" time="0.027" /><testcase classname="tests.bot.exts.recruitment.talentpool.test_review.ReviewerTests" name="test_get_nomination_to_review_order" time="0.024" /><testcase classname="tests.bot.exts.recruitment.talentpool.test_review.ReviewerTests" name="test_is_ready_for_review" time="0.038" /><testcase classname="tests.bot.exts.test_cogs.CommandNameTests" name="test_names_dont_shadow" time="0.432" /><testcase classname="tests.bot.exts.utils.snekbox.test_io.SnekboxIOTests" name="test_normalize_file_name" time="0.002" /><testcase classname="tests.bot.exts.utils.snekbox.test_snekbox.SnekboxTests" name="test_codeblock_converter" time="0.014" /><testcase classname="tests.bot.exts.utils.snekbox.test_snekbox.SnekboxTests" name="test_continue_job_does_continue" time="0.025" /><testcase classname="tests.bot.exts.utils.snekbox.test_snekbox.SnekboxTests" name="test_continue_job_does_not_continue" time="0.016" /><testcase classname="tests.bot.exts.utils.snekbox.test_snekbox.SnekboxTests" name="test_eval_command_evaluate_once" time="0.155" /><testcase classname="tests.bot.exts.utils.snekbox.test_snekbox.SnekboxTests" name="test_eval_command_evaluate_twice" time="0.027" /><testcase classname="tests.bot.exts.utils.snekbox.test_snekbox.SnekboxTests" name="test_eval_command_reject_two_eval_at_the_same_time" time="0.021" /><testcase classname="tests.bot.exts.utils.snekbox.test_snekbox.SnekboxTests" name="test_eval_result_files_error_message" time="0.008" /><testcase classname="tests.bot.exts.utils.snekbox.test_snekbox.SnekboxTests" name="test_eval_result_files_error_str" time="0.005" /><testcase classname="tests.bot.exts.utils.snekbox.test_snekbox.SnekboxTests" name="test_eval_result_message" time="0.007" /><testcase classname="tests.bot.exts.utils.snekbox.test_snekbox.SnekboxTests" name="test_eval_result_message_invalid_signal" time="0.004" /><testcase classname="tests.bot.exts.utils.snekbox.test_snekbox.SnekboxTests" name="test_eval_result_message_valid_signal" time="0.004" /><testcase classname="tests.bot.exts.utils.snekbox.test_snekbox.SnekboxTests" name="test_eval_result_status_emoji" time="0.005" /><testcase classname="tests.bot.exts.utils.snekbox.test_snekbox.SnekboxTests" name="test_format_output" time="0.009" /><testcase classname="tests.bot.exts.utils.snekbox.test_snekbox.SnekboxTests" name="test_get_code" time="0.040" /><testcase classname="tests.bot.exts.utils.snekbox.test_snekbox.SnekboxTests" name="test_post_job" time="0.023" /><testcase classname="tests.bot.exts.utils.snekbox.test_snekbox.SnekboxTests" name="test_predicate_emoji_reaction" time="0.033" /><testcase classname="tests.bot.exts.utils.snekbox.test_snekbox.SnekboxTests" name="test_predicate_message_edit" time="0.027" /><testcase classname="tests.bot.exts.utils.snekbox.test_snekbox.SnekboxTests" name="test_prepare_timeit_input" time="0.006" /><testcase classname="tests.bot.exts.utils.snekbox.test_snekbox.SnekboxTests" name="test_send_job" time="0.036" /><testcase classname="tests.bot.exts.utils.snekbox.test_snekbox.SnekboxTests" name="test_send_job_with_disallowed_file_ext" time="0.028" /><testcase classname="tests.bot.exts.utils.snekbox.test_snekbox.SnekboxTests" name="test_send_job_with_non_zero_eval" time="0.026" /><testcase classname="tests.bot.exts.utils.snekbox.test_snekbox.SnekboxTests" name="test_send_job_with_paste_link" time="0.025" /><testcase classname="tests.bot.exts.utils.snekbox.test_snekbox.SnekboxTests" name="test_upload_output_reject_too_long" time="0.027" /><testcase classname="tests.bot.exts.utils.snekbox.test_snekbox.SnekboxSetupTests" name="test_setup" time="0.004" /><testcase classname="tests.bot.exts.utils.test_utils.ZenTests" name="test_zen_with_invalid_index" time="0.020" /><testcase classname="tests.bot.exts.utils.test_utils.ZenTests" name="test_zen_with_invalid_slices" time="0.011" /><testcase classname="tests.bot.exts.utils.test_utils.ZenTests" name="test_zen_with_valid_index" time="0.047" /><testcase classname="tests.bot.exts.utils.test_utils.ZenTests" name="test_zen_with_valid_slices" time="0.065" /><testcase classname="tests.bot.exts.utils.test_utils.ZenTests" name="test_zen_without_arguments" time="0.010" /><testcase classname="tests.bot.resources.test_resources.ResourceValidationTests" name="test_stars_valid" time="0.002" /><testcase classname="tests.bot.test_constants.ConstantsTests" name="test_section_configuration_matches_type_specification" time="0.012" /><testcase classname="tests.bot.test_converters.ConverterTests" name="test_duration_converter_for_invalid" time="0.004" /><testcase classname="tests.bot.test_converters.ConverterTests" name="test_duration_converter_for_valid" time="0.013" /><testcase classname="tests.bot.test_converters.ConverterTests" name="test_duration_converter_out_of_range" time="0.004" /><testcase classname="tests.bot.test_converters.ConverterTests" name="test_hush_duration_converter_for_invalid" time="0.004" /><testcase classname="tests.bot.test_converters.ConverterTests" name="test_hush_duration_converter_for_valid" time="0.003" /><testcase classname="tests.bot.test_converters.ConverterTests" name="test_isodatetime_converter_for_invalid" time="0.004" /><testcase classname="tests.bot.test_converters.ConverterTests" name="test_isodatetime_converter_for_valid" time="0.005" /><testcase classname="tests.bot.test_converters.ConverterTests" name="test_package_name_for_invalid" time="0.004" /><testcase classname="tests.bot.test_converters.ConverterTests" name="test_package_name_for_valid" time="0.003" /><testcase classname="tests.bot.test_decorators.InWhitelistTests" name="test_predicate_raises_exception_for_non_whitelisted_context" time="0.034" /><testcase classname="tests.bot.test_decorators.InWhitelistTests" name="test_predicate_returns_true_for_whitelisted_context" time="0.031" /><testcase classname="tests.bot.utils.test_checks.ChecksTests" name="test_has_any_role_check_with_guild_and_required_role" time="0.008" /><testcase classname="tests.bot.utils.test_checks.ChecksTests" name="test_has_any_role_check_without_guild" time="0.009" /><testcase classname="tests.bot.utils.test_checks.ChecksTests" name="test_has_any_role_check_without_required_roles" time="0.008" /><testcase classname="tests.bot.utils.test_checks.ChecksTests" name="test_has_no_roles_check_returns_false_with_unwanted_role" time="0.009" /><testcase classname="tests.bot.utils.test_checks.ChecksTests" name="test_has_no_roles_check_returns_true_without_unwanted_role" time="0.008" /><testcase classname="tests.bot.utils.test_checks.ChecksTests" name="test_has_no_roles_check_without_guild" time="0.009" /><testcase classname="tests.bot.utils.test_checks.ChecksTests" name="test_in_whitelist_check_complex" time="0.009" /><testcase classname="tests.bot.utils.test_checks.ChecksTests" name="test_in_whitelist_check_correct_category" time="0.008" /><testcase classname="tests.bot.utils.test_checks.ChecksTests" name="test_in_whitelist_check_correct_channel" time="0.008" /><testcase classname="tests.bot.utils.test_checks.ChecksTests" name="test_in_whitelist_check_correct_role" time="0.008" /><testcase classname="tests.bot.utils.test_checks.ChecksTests" name="test_in_whitelist_check_fail_silently" time="0.008" /><testcase classname="tests.bot.utils.test_checks.ChecksTests" name="test_in_whitelist_check_incorrect_category" time="0.009" /><testcase classname="tests.bot.utils.test_checks.ChecksTests" name="test_in_whitelist_check_incorrect_channel" time="0.009" /><testcase classname="tests.bot.utils.test_checks.ChecksTests" name="test_in_whitelist_check_incorrect_role" time="0.012" /><testcase classname="tests.bot.utils.test_helpers.TestHelpers" name="test_find_nth_occurrence_returns_index" time="0.001" /><testcase classname="tests.bot.utils.test_helpers.TestHelpers" name="test_find_nth_occurrence_returns_none" time="0.001" /><testcase classname="tests.bot.utils.test_helpers.TestHelpers" name="test_has_lines_handles_empty_string" time="0.001" /><testcase classname="tests.bot.utils.test_helpers.TestHelpers" name="test_has_lines_handles_newline_at_end" time="0.001" /><testcase classname="tests.bot.utils.test_helpers.TestHelpers" name="test_has_lines_handles_normal_cases" time="0.001" /><testcase classname="tests.bot.utils.test_helpers.TestHelpers" name="test_pad_base64_correctly" time="0.002" /><testcase classname="tests.bot.utils.test_helpers.TestHelpers" name="test_remove_subdomain_from_url_correctly" time="0.405" /><testcase classname="tests.bot.utils.test_message_cache.TestMessageCache" name="test_append_adds_in_the_right_order" time="0.012" /><testcase classname="tests.bot.utils.test_message_cache.TestMessageCache" name="test_appending_over_maxlen_removes_oldest" time="0.008" /><testcase classname="tests.bot.utils.test_message_cache.TestMessageCache" name="test_appending_over_maxlen_with_newest_first_removes_oldest" time="0.008" /><testcase classname="tests.bot.utils.test_message_cache.TestMessageCache" name="test_bad_index_raises_index_error" time="0.013" /><testcase classname="tests.bot.utils.test_message_cache.TestMessageCache" name="test_clear" time="0.008" /><testcase classname="tests.bot.utils.test_message_cache.TestMessageCache" name="test_contains_returns_false_for_non_cached_message" time="0.002" /><testcase classname="tests.bot.utils.test_message_cache.TestMessageCache" name="test_contains_returns_true_for_cached_message" time="0.002" /><testcase classname="tests.bot.utils.test_message_cache.TestMessageCache" name="test_first_append_sets_the_first_value" time="0.003" /><testcase classname="tests.bot.utils.test_message_cache.TestMessageCache" name="test_get_message_returns_none" time="0.003" /><testcase classname="tests.bot.utils.test_message_cache.TestMessageCache" name="test_get_message_returns_the_message" time="0.002" /><testcase classname="tests.bot.utils.test_message_cache.TestMessageCache" name="test_indexing" time="0.014" /><testcase classname="tests.bot.utils.test_message_cache.TestMessageCache" name="test_length" time="0.023" /><testcase classname="tests.bot.utils.test_message_cache.TestMessageCache" name="test_pop_removes_from_the_end" time="0.008" /><testcase classname="tests.bot.utils.test_message_cache.TestMessageCache" name="test_popleft_removes_from_the_beginning" time="0.008" /><testcase classname="tests.bot.utils.test_message_cache.TestMessageCache" name="test_slicing_with_overfilled_cache" time="0.491" /><testcase classname="tests.bot.utils.test_message_cache.TestMessageCache" name="test_slicing_with_unfilled_cache" time="0.211" /><testcase classname="tests.bot.utils.test_message_cache.TestMessageCache" name="test_update_replaces_old_element" time="0.005" /><testcase classname="tests.bot.utils.test_messages.TestMessages" name="test_sub_clyde" time="0.002" /><testcase classname="tests.bot.utils.test_time.TimeTests" name="test_format_with_duration_custom_units" time="0.003" /><testcase classname="tests.bot.utils.test_time.TimeTests" name="test_format_with_duration_none_expiry" time="0.002" /><testcase classname="tests.bot.utils.test_time.TimeTests" name="test_format_with_duration_normal_usage" time="0.004" /><testcase classname="tests.bot.utils.test_time.TimeTests" name="test_humanize_delta_handle_high_units" time="0.000" /><testcase classname="tests.bot.utils.test_time.TimeTests" name="test_humanize_delta_handle_unknown_units" time="0.000" /><testcase classname="tests.bot.utils.test_time.TimeTests" name="test_humanize_delta_raises_for_invalid_max_units" time="0.002" /><testcase classname="tests.bot.utils.test_time.TimeTests" name="test_humanize_delta_should_normal_usage" time="0.001" /><testcase classname="tests.bot.utils.test_time.TimeTests" name="test_until_expiration_normal_usage" time="0.002" /><testcase classname="tests.bot.utils.test_time.TimeTests" name="test_until_expiration_with_duration_custom_units" time="0.002" /><testcase classname="tests.bot.utils.test_time.TimeTests" name="test_until_expiration_with_duration_none_expiry" time="0.000" /><testcase classname="tests.test_base.LoggingTestCaseTests" name="test_assert_not_logs_does_not_raise_with_no_logs" time="0.003" /><testcase classname="tests.test_base.LoggingTestCaseTests" name="test_assert_not_logs_raises_correct_assertion_error_when_logs_are_emitted" time="0.002" /><testcase classname="tests.test_base.LoggingTestCaseTests" name="test_assert_not_logs_reraises_unexpected_exception_in_managed_context" time="0.001" /><testcase classname="tests.test_base.LoggingTestCaseTests" name="test_assert_not_logs_restores_old_logging_settings" time="0.000" /><testcase classname="tests.test_base.LoggingTestCaseTests" name="test_capture_log_handler_default_initialization" time="0.000" /><testcase classname="tests.test_base.LoggingTestCaseTests" name="test_capture_log_handler_saves_record_on_emit" time="0.000" /><testcase classname="tests.test_base.LoggingTestCaseTests" name="test_logging_test_case_respects_alternative_logger" time="0.000" /><testcase classname="tests.test_base.LoggingTestCaseTests" name="test_logging_test_case_respects_logging_level" time="0.000" /><testcase classname="tests.test_base.LoggingTestCaseTests" name="test_logging_test_case_works_with_logger_instance" time="0.002" /><testcase classname="tests.test_helpers.DiscordMocksTests" name="test_create_test_on_mock_bot_closes_passed_coroutine" time="0.057" /><testcase classname="tests.test_helpers.DiscordMocksTests" name="test_mock_allows_access_to_attributes_test" time="0.015" /><testcase classname="tests.test_helpers.DiscordMocksTests" name="test_mock_bot_default_initialization" time="0.002" /><testcase classname="tests.test_helpers.DiscordMocksTests" name="test_mock_context_default_initialization" time="0.006" /><testcase classname="tests.test_helpers.DiscordMocksTests" name="test_mock_guild_accepts_dynamic_arguments" time="0.001" /><testcase classname="tests.test_helpers.DiscordMocksTests" name="test_mock_guild_alternative_arguments" time="0.003" /><testcase classname="tests.test_helpers.DiscordMocksTests" name="test_mock_guild_default_initialization" time="0.002" /><testcase classname="tests.test_helpers.DiscordMocksTests" name="test_mock_member_accepts_dynamic_arguments" time="0.001" /><testcase classname="tests.test_helpers.DiscordMocksTests" name="test_mock_member_alternative_arguments" time="0.002" /><testcase classname="tests.test_helpers.DiscordMocksTests" name="test_mock_member_default_initialization" time="0.001" /><testcase classname="tests.test_helpers.DiscordMocksTests" name="test_mock_role_accepts_dynamic_arguments" time="0.001" /><testcase classname="tests.test_helpers.DiscordMocksTests" name="test_mock_role_alternative_arguments" time="0.001" /><testcase classname="tests.test_helpers.DiscordMocksTests" name="test_mock_role_default_initialization" time="0.001" /><testcase classname="tests.test_helpers.DiscordMocksTests" name="test_mock_role_uses_position_for_less_than_greater_than" time="0.001" /><testcase classname="tests.test_helpers.DiscordMocksTests" name="test_mocks_allows_access_to_attributes_part_of_spec" time="0.013" /><testcase classname="tests.test_helpers.DiscordMocksTests" name="test_mocks_rejects_access_to_attributes_not_part_of_spec" time="0.012" /><testcase classname="tests.test_helpers.DiscordMocksTests" name="test_mocks_use_mention_when_provided_as_kwarg" time="0.003" /><testcase classname="tests.test_helpers.DiscordMocksTests" name="test_user_mock_uses_explicitly_passed_mention_attribute" time="0.001" /><testcase classname="tests.test_helpers.MockObjectTests" name="test_colour_mixin" time="0.001" /><testcase classname="tests.test_helpers.MockObjectTests" name="test_custom_mock_mixin_accepts_mock_seal" time="0.001" /><testcase classname="tests.test_helpers.MockObjectTests" name="test_custom_mock_mixin_mocks_async_magic_methods_with_async_mock" time="0.001" /><testcase classname="tests.test_helpers.MockObjectTests" name="test_hashable_mixin_hash_returns_id" time="0.000" /><testcase classname="tests.test_helpers.MockObjectTests" name="test_hashable_mixin_uses_id_for_equality_comparison" time="0.000" /><testcase classname="tests.test_helpers.MockObjectTests" name="test_hashable_mixin_uses_id_for_nonequality_comparison" time="0.000" /><testcase classname="tests.test_helpers.MockObjectTests" name="test_mock_class_with_hashable_mixin_uses_id_for_equality" time="0.007" /><testcase classname="tests.test_helpers.MockObjectTests" name="test_mock_class_with_hashable_mixin_uses_id_for_hashing" time="0.002" /><testcase classname="tests.test_helpers.MockObjectTests" name="test_mock_class_with_hashable_mixin_uses_id_for_nonequality" time="0.006" /><testcase classname="tests.test_helpers.MockObjectTests" name="test_spec_propagation_of_mock_subclasses" time="0.018" /></testsuite></testsuites>